<?xml version="1.0" encoding="UTF-8"?>
<!-- Generated by org.testng.reporters.JUnitReportReporter -->
<testsuite hostname="DESKTOP-FMTB188" failures="0" tests="2" name="testng.ConfigurationAnnotations" time="0.053" errors="0" timestamp="2025-06-12T13:48:08 IST" skipped="0">
  <testcase classname="testng.ConfigurationAnnotations" name="demo" time="0.036">
    <system-out>
      <![CDATA[demo executed]]>
    </system-out>
  </testcase> <!-- demo -->
  <testcase classname="testng.ConfigurationAnnotations" name="sample" time="0.017">
    <system-out>
      <![CDATA[sample executed]]>
    </system-out>
  </testcase> <!-- sample -->
  <system-out>
    <![CDATA[Before Suit executed
before test executed
before class executed
before method
demo executed
after method
before method
sample executed
after method
after class executed
after test executed
After Suite executed]]>
  </system-out>
</testsuite> <!-- testng.ConfigurationAnnotations -->
