<?xml version="1.0" encoding="UTF-8"?>
<!-- Generated by org.testng.reporters.JUnitReportReporter -->
<testsuite hostname="DESKTOP-FMTB188" failures="0" tests="1" name="testng.Kawasaki" time="17.058" errors="0" timestamp="2025-06-11T13:26:18 IST" skipped="0">
  <testcase classname="testng.Kawasaki" name="launch" time="17.058">
    <system-out>
      <![CDATA[Kawasaki launched]]>
    </system-out>
  </testcase> <!-- launch -->
  <system-out>
    <![CDATA[Kawasaki launched
Honda launched]]>
  </system-out>
</testsuite> <!-- testng.Kawasaki -->
