<?xml version="1.0" encoding="UTF-8"?>
<!-- Generated by org.testng.reporters.JUnitReportReporter -->
<testsuite hostname="DESKTOP-FMTB188" failures="0" tests="1" name="mini_project1.GiftCardsClass" time="9.803" errors="0" timestamp="2025-06-14T13:58:20 IST" skipped="0">
  <testcase classname="mini_project1.GiftCardsClass" name="launch" time="9.803"/>
</testsuite> <!-- mini_project1.GiftCardsClass -->
