<?xml version="1.0" encoding="UTF-8"?>
<!-- Generated by org.testng.reporters.JUnitReportReporter -->
<testsuite hostname="DESKTOP-FMTB188" failures="0" tests="1" name="testng.Honda" time="23.144" errors="0" timestamp="2025-06-11T13:26:18 IST" skipped="0">
  <testcase classname="testng.Honda" name="launch" time="23.144">
    <system-out>
      <![CDATA[Honda launched]]>
    </system-out>
  </testcase> <!-- launch -->
  <system-out>
    <![CDATA[Kawasaki launched
Honda launched]]>
  </system-out>
</testsuite> <!-- testng.Honda -->
