<?xml version="1.0" encoding="UTF-8"?>
<!-- Generated by org.testng.reporters.JUnitReportReporter -->
<testsuite hostname="DESKTOP-FMTB188" failures="0" tests="2" name="testng.TestNGAnnotations" time="0.041" errors="0" timestamp="2025-06-13T16:44:47 IST" skipped="0">
  <testcase classname="testng.TestNGAnnotations" name="test1" time="0.032"/>
  <testcase classname="testng.TestNGAnnotations" name="test2" time="0.009"/>
</testsuite> <!-- testng.TestNGAnnotations -->
