<?xml version="1.0" encoding="UTF-8"?>
<!-- Generated by org.testng.reporters.JUnitReportReporter -->
<testsuite hostname="DESKTOP-FMTB188" failures="0" tests="1" name="testng.TestScript_DemoWebShop" time="3.993" errors="0" timestamp="2025-06-13T13:40:35 IST" skipped="0">
  <testcase classname="testng.TestScript_DemoWebShop" name="clickOnBook" time="3.993">
    <system-out>
      <![CDATA[Books page is disaplyed]]>
    </system-out>
  </testcase> <!-- clickOnBook -->
  <system-out>
    <![CDATA[Computers page is disaplyed
Electronics page is not disaplyed
Books page is disaplyed]]>
  </system-out>
</testsuite> <!-- testng.TestScript_DemoWebShop -->
