<?xml version="1.0" encoding="UTF-8"?>
<!-- Generated by org.testng.reporters.JUnitReportReporter -->
<testsuite hostname="DESKTOP-FMTB188" failures="0" tests="1" name="mini_project1.ApparelShoesClass" time="10.485" errors="0" timestamp="2025-06-14T14:08:01 IST" skipped="0">
  <testcase classname="mini_project1.ApparelShoesClass" name="launch" time="10.485"/>
</testsuite> <!-- mini_project1.ApparelShoesClass -->
