<?xml version="1.0" encoding="UTF-8"?>
<!-- Generated by org.testng.reporters.JUnitReportReporter -->
<testsuite hostname="DESKTOP-FMTB188" failures="0" tests="3" name="dataprovider.ExternalDataProvider" time="19.582" errors="0" timestamp="2025-06-17T13:28:55 IST" skipped="0">
  <testcase classname="dataprovider.ExternalDataProvider" name="login" time="5.982"/>
  <testcase classname="dataprovider.ExternalDataProvider" name="login" time="9.081"/>
  <testcase classname="dataprovider.ExternalDataProvider" name="login" time="4.519"/>
</testsuite> <!-- dataprovider.ExternalDataProvider -->
