<?xml version="1.0" encoding="UTF-8"?>
<!-- Generated by org.testng.reporters.JUnitReportReporter -->
<testsuite hostname="DESKTOP-FMTB188" failures="0" tests="3" name="dataprovider.DataProviderClass" time="28.826" errors="0" timestamp="2025-06-17T12:52:32 IST" skipped="0">
  <testcase classname="dataprovider.DataProviderClass" name="login" time="6.314"/>
  <testcase classname="dataprovider.DataProviderClass" name="login" time="15.614"/>
  <testcase classname="dataprovider.DataProviderClass" name="login" time="6.898"/>
</testsuite> <!-- dataprovider.DataProviderClass -->
