<?xml version="1.0" encoding="UTF-8"?>
<!-- Generated by org.testng.reporters.JUnitReportReporter -->
<testsuite hostname="DESKTOP-FMTB188" failures="0" tests="4" name="dataprovider.RegisterDemoWebShop" time="40.275" errors="0" timestamp="2025-06-17T23:41:15 IST" skipped="0">
  <testcase classname="dataprovider.RegisterDemoWebShop" name="register" time="14.678"/>
  <testcase classname="dataprovider.RegisterDemoWebShop" name="register" time="8.383"/>
  <testcase classname="dataprovider.RegisterDemoWebShop" name="register" time="9.904"/>
  <testcase classname="dataprovider.RegisterDemoWebShop" name="register" time="7.310"/>
</testsuite> <!-- dataprovider.RegisterDemoWebShop -->
