<?xml version="1.0" encoding="UTF-8"?>
<!-- Generated by org.testng.reporters.JUnitReportReporter -->
<testsuite hostname="DESKTOP-FMTB188" failures="0" tests="3" name="testng.LearnDependsOn" time="17.297" errors="0" timestamp="2025-06-09T13:51:19 IST" skipped="0">
  <testcase classname="testng.LearnDependsOn" name="addToCart" time="6.126">
    <system-out>
      <![CDATA[ successfully]]>
    </system-out>
  </testcase> <!-- addToCart -->
  <testcase classname="testng.LearnDependsOn" name="login" time="5.282">
    <system-out>
      <![CDATA[Logged in successfully]]>
    </system-out>
  </testcase> <!-- login -->
  <testcase classname="testng.LearnDependsOn" name="register" time="5.889">
    <system-out>
      <![CDATA[Registered successfully]]>
    </system-out>
  </testcase> <!-- register -->
  <system-out>
    <![CDATA[Registered successfully
Logged in successfully
 successfully]]>
  </system-out>
</testsuite> <!-- testng.LearnDependsOn -->
