<?xml version="1.0" encoding="UTF-8"?>
<!-- Generated by org.testng.reporters.JUnitReportReporter -->
<testsuite hostname="DESKTOP-FMTB188" failures="0" tests="1" name="testng.TestScript_Electronics" time="4.309" errors="0" timestamp="2025-06-13T13:40:35 IST" skipped="0">
  <testcase classname="testng.TestScript_Electronics" name="clickOnElectronics" time="4.309">
    <system-out>
      <![CDATA[Electronics page is not disaplyed]]>
    </system-out>
  </testcase> <!-- clickOnElectronics -->
  <system-out>
    <![CDATA[Computers page is disaplyed
Electronics page is not disaplyed
Books page is disaplyed]]>
  </system-out>
</testsuite> <!-- testng.TestScript_Electronics -->
