<?xml version="1.0" encoding="UTF-8"?>
<!-- Generated by org.testng.reporters.JUnitReportReporter -->
<testsuite hostname="DESKTOP-FMTB188" failures="0" tests="1" name="testng.Suzuki" time="32.466" errors="0" timestamp="2025-06-11T13:06:20 IST" skipped="0">
  <testcase classname="testng.Suzuki" name="launch" time="32.466">
    <system-out>
      <![CDATA[Suzuku launched]]>
    </system-out>
  </testcase> <!-- launch -->
  <system-out>
    <![CDATA[Suzuku launched
Kawasaki launched
Honda launched]]>
  </system-out>
</testsuite> <!-- testng.Suzuki -->
